<?xml version="1.0" encoding="UTF-8"?>
<!-- Generated by org.testng.reporters.JUnitReportReporter -->
<testsuite hostname="Rupams-MacBook-Air.local" failures="0" tests="3" name="CrossWordTest" time="0.007" errors="0" timestamp="2024-11-24T11:07:53 IST" skipped="0">
  <testcase classname="CrossWordTest" name="applySort" time="0.007"/>
  <testcase classname="CrossWordTest" name="test1" time="0.000"/>
  <testcase classname="CrossWordTest" name="test3" time="0.000"/>
</testsuite> <!-- CrossWordTest -->
